# JRE version: Java(TM) SE Runtime Environment (13.0+33) (build 13+33)
# Java VM: Java HotSpot(TM) 64-Bit Server VM (13+33, mixed mode, sharing, tiered, compressed oops, g1 gc, windows-amd64)
Heap:
 garbage-first heap   total 131072K, used 59386K [0x0000000081800000, 0x0000000100000000)
  region size 1024K, 54 young (55296K), 4 survivors (4096K)
 Metaspace       used 19086K, capacity 19901K, committed 20096K, reserved 1067008K
  class space    used 2530K, capacity 2865K, committed 2944K, reserved 1048576K
GC Heap History (8 events):
Event: 1.216 GC heap before
{Heap before GC invocations=0 (full 0):
 garbage-first heap   total 131072K, used 14336K [0x0000000081800000, 0x0000000100000000)
  region size 1024K, 14 young (14336K), 0 survivors (0K)
 Metaspace       used 1723K, capacity 5098K, committed 5248K, reserved 1056768K
  class space    used 176K, capacity 514K, committed 640K, reserved 1048576K
}
Event: 1.229 GC heap after
{Heap after GC invocations=1 (full 0):
 garbage-first heap   total 131072K, used 6375K [0x0000000081800000, 0x0000000100000000)
  region size 1024K, 2 young (2048K), 2 survivors (2048K)
 Metaspace       used 1723K, capacity 5098K, committed 5248K, reserved 1056768K
  class space    used 176K, capacity 514K, committed 640K, reserved 1048576K
}
Event: 1.856 GC heap before
{Heap before GC invocations=1 (full 0):
 garbage-first heap   total 131072K, used 17639K [0x0000000081800000, 0x0000000100000000)
  region size 1024K, 14 young (14336K), 2 survivors (2048K)
 Metaspace       used 4001K, capacity 6358K, committed 6400K, reserved 1056768K
  class space    used 477K, capacity 753K, committed 768K, reserved 1048576K
}
Event: 1.861 GC heap after
{Heap after GC invocations=2 (full 0):
 garbage-first heap   total 131072K, used 7260K [0x0000000081800000, 0x0000000100000000)
  region size 1024K, 1 young (1024K), 1 survivors (1024K)
 Metaspace       used 4001K, capacity 6358K, committed 6400K, reserved 1056768K
  class space    used 477K, capacity 753K, committed 768K, reserved 1048576K
}
Event: 3.056 GC heap before
{Heap before GC invocations=2 (full 0):
 garbage-first heap   total 131072K, used 34908K [0x0000000081800000, 0x0000000100000000)
  region size 1024K, 28 young (28672K), 1 survivors (1024K)
 Metaspace       used 8057K, capacity 9541K, committed 9728K, reserved 1058816K
  class space    used 981K, capacity 1237K, committed 1280K, reserved 1048576K
}
Event: 3.061 GC heap after
{Heap after GC invocations=3 (full 0):
 garbage-first heap   total 131072K, used 8640K [0x0000000081800000, 0x0000000100000000)
  region size 1024K, 3 young (3072K), 3 survivors (3072K)
 Metaspace       used 8057K, capacity 9541K, committed 9728K, reserved 1058816K
  class space    used 981K, capacity 1237K, committed 1280K, reserved 1048576K
}
Event: 4.464 GC heap before
{Heap before GC invocations=3 (full 0):
 garbage-first heap   total 131072K, used 49600K [0x0000000081800000, 0x0000000100000000)
  region size 1024K, 43 young (44032K), 3 survivors (3072K)
 Metaspace       used 13612K, capacity 14413K, committed 14720K, reserved 1062912K
  class space    used 1799K, capacity 2099K, committed 2176K, reserved 1048576K
}
Event: 4.471 GC heap after
{Heap after GC invocations=4 (full 0):
 garbage-first heap   total 131072K, used 10234K [0x0000000081800000, 0x0000000100000000)
  region size 1024K, 4 young (4096K), 4 survivors (4096K)
 Metaspace       used 13612K, capacity 14413K, committed 14720K, reserved 1062912K
  class space    used 1799K, capacity 2099K, committed 2176K, reserved 1048576K
}

