# JRE version: Java(TM) SE Runtime Environment (13.0+33) (build 13+33)
# Java VM: Java HotSpot(TM) 64-Bit Server VM (13+33, mixed mode, sharing, tiered, compressed oops, g1 gc, windows-amd64)
Heap:
 garbage-first heap   total 65536K, used 31871K [0x0000000081800000, 0x0000000100000000)
  region size 1024K, 13 young (13312K), 2 survivors (2048K)
 Metaspace       used 53936K, capacity 55172K, committed 55420K, reserved 1097728K
  class space    used 7211K, capacity 7678K, committed 7804K, reserved 1048576K
GC Heap History (20 events):
Event: 3.713 GC heap before
{Heap before GC invocations=8 (full 0):
 garbage-first heap   total 54272K, used 37473K [0x0000000081800000, 0x0000000100000000)
  region size 1024K, 28 young (28672K), 3 survivors (3072K)
 Metaspace       used 25574K, capacity 26475K, committed 26748K, reserved 1073152K
  class space    used 3294K, capacity 3646K, committed 3708K, reserved 1048576K
}
Event: 3.717 GC heap after
{Heap after GC invocations=9 (full 0):
 garbage-first heap   total 54272K, used 12821K [0x0000000081800000, 0x0000000100000000)
  region size 1024K, 2 young (2048K), 2 survivors (2048K)
 Metaspace       used 25574K, capacity 26475K, committed 26748K, reserved 1073152K
  class space    used 3294K, capacity 3646K, committed 3708K, reserved 1048576K
}
Event: 3.913 GC heap before
{Heap before GC invocations=9 (full 0):
 garbage-first heap   total 54272K, used 37397K [0x0000000081800000, 0x0000000100000000)
  region size 1024K, 27 young (27648K), 2 survivors (2048K)
 Metaspace       used 26512K, capacity 27437K, committed 27644K, reserved 1073152K
  class space    used 3392K, capacity 3731K, committed 3836K, reserved 1048576K
}
Event: 3.917 GC heap after
{Heap after GC invocations=10 (full 0):
 garbage-first heap   total 54272K, used 13285K [0x0000000081800000, 0x0000000100000000)
  region size 1024K, 3 young (3072K), 3 survivors (3072K)
 Metaspace       used 26512K, capacity 27437K, committed 27644K, reserved 1073152K
  class space    used 3392K, capacity 3731K, committed 3836K, reserved 1048576K
}
Event: 4.256 GC heap before
{Heap before GC invocations=10 (full 0):
 garbage-first heap   total 54272K, used 38885K [0x0000000081800000, 0x0000000100000000)
  region size 1024K, 28 young (28672K), 3 survivors (3072K)
 Metaspace       used 27317K, capacity 28266K, committed 28540K, reserved 1073152K
  class space    used 3485K, capacity 3851K, committed 3964K, reserved 1048576K
}
Event: 4.260 GC heap after
{Heap after GC invocations=11 (full 0):
 garbage-first heap   total 54272K, used 13949K [0x0000000081800000, 0x0000000100000000)
  region size 1024K, 3 young (3072K), 3 survivors (3072K)
 Metaspace       used 27317K, capacity 28266K, committed 28540K, reserved 1073152K
  class space    used 3485K, capacity 3851K, committed 3964K, reserved 1048576K
}
Event: 4.805 GC heap before
{Heap before GC invocations=11 (full 0):
 garbage-first heap   total 54272K, used 39549K [0x0000000081800000, 0x0000000100000000)
  region size 1024K, 28 young (28672K), 3 survivors (3072K)
 Metaspace       used 29685K, capacity 30643K, committed 30844K, reserved 1075200K
  class space    used 3812K, capacity 4190K, committed 4220K, reserved 1048576K
}
Event: 4.812 GC heap after
{Heap after GC invocations=12 (full 0):
 garbage-first heap   total 54272K, used 14802K [0x0000000081800000, 0x0000000100000000)
  region size 1024K, 3 young (3072K), 3 survivors (3072K)
 Metaspace       used 29685K, capacity 30643K, committed 30844K, reserved 1075200K
  class space    used 3812K, capacity 4190K, committed 4220K, reserved 1048576K
}
Event: 5.303 GC heap before
{Heap before GC invocations=12 (full 0):
 garbage-first heap   total 54272K, used 40402K [0x0000000081800000, 0x0000000100000000)
  region size 1024K, 28 young (28672K), 3 survivors (3072K)
 Metaspace       used 32097K, capacity 33106K, committed 33276K, reserved 1077248K
  class space    used 4129K, capacity 4512K, committed 4604K, reserved 1048576K
}
Event: 5.309 GC heap after
{Heap after GC invocations=13 (full 0):
 garbage-first heap   total 54272K, used 16202K [0x0000000081800000, 0x0000000100000000)
  region size 1024K, 3 young (3072K), 3 survivors (3072K)
 Metaspace       used 32097K, capacity 33106K, committed 33276K, reserved 1077248K
  class space    used 4129K, capacity 4512K, committed 4604K, reserved 1048576K
}
Event: 5.729 GC heap before
{Heap before GC invocations=13 (full 0):
 garbage-first heap   total 54272K, used 35658K [0x0000000081800000, 0x0000000100000000)
  region size 1024K, 24 young (24576K), 3 survivors (3072K)
 Metaspace       used 34752K, capacity 35814K, committed 35964K, reserved 1081344K
  class space    used 4483K, capacity 4901K, committed 4988K, reserved 1048576K
}
Event: 5.736 GC heap after
{Heap after GC invocations=14 (full 0):
 garbage-first heap   total 54272K, used 17549K [0x0000000081800000, 0x0000000100000000)
  region size 1024K, 3 young (3072K), 3 survivors (3072K)
 Metaspace       used 34752K, capacity 35814K, committed 35964K, reserved 1081344K
  class space    used 4483K, capacity 4901K, committed 4988K, reserved 1048576K
}
Event: 6.240 GC heap before
{Heap before GC invocations=15 (full 0):
 garbage-first heap   total 54272K, used 40077K [0x0000000081800000, 0x0000000100000000)
  region size 1024K, 25 young (25600K), 3 survivors (3072K)
 Metaspace       used 38560K, capacity 39562K, committed 39676K, reserved 1083392K
  class space    used 5182K, capacity 5595K, committed 5628K, reserved 1048576K
}
Event: 6.246 GC heap after
{Heap after GC invocations=16 (full 0):
 garbage-first heap   total 65536K, used 18094K [0x0000000081800000, 0x0000000100000000)
  region size 1024K, 2 young (2048K), 2 survivors (2048K)
 Metaspace       used 38560K, capacity 39562K, committed 39676K, reserved 1083392K
  class space    used 5182K, capacity 5595K, committed 5628K, reserved 1048576K
}
Event: 6.790 GC heap before
{Heap before GC invocations=16 (full 0):
 garbage-first heap   total 65536K, used 44718K [0x0000000081800000, 0x0000000100000000)
  region size 1024K, 29 young (29696K), 2 survivors (2048K)
 Metaspace       used 44131K, capacity 45214K, committed 45436K, reserved 1089536K
  class space    used 5773K, capacity 6177K, committed 6268K, reserved 1048576K
}
Event: 6.795 GC heap after
{Heap after GC invocations=17 (full 0):
 garbage-first heap   total 65536K, used 19773K [0x0000000081800000, 0x0000000100000000)
  region size 1024K, 4 young (4096K), 4 survivors (4096K)
 Metaspace       used 44131K, capacity 45214K, committed 45436K, reserved 1089536K
  class space    used 5773K, capacity 6177K, committed 6268K, reserved 1048576K
}
Event: 7.409 GC heap before
{Heap before GC invocations=17 (full 0):
 garbage-first heap   total 65536K, used 47421K [0x0000000081800000, 0x0000000100000000)
  region size 1024K, 31 young (31744K), 4 survivors (4096K)
 Metaspace       used 48785K, capacity 49908K, committed 50044K, reserved 1091584K
  class space    used 6474K, capacity 6909K, committed 7036K, reserved 1048576K
}
Event: 7.416 GC heap after
{Heap after GC invocations=18 (full 0):
 garbage-first heap   total 65536K, used 20710K [0x0000000081800000, 0x0000000100000000)
  region size 1024K, 3 young (3072K), 3 survivors (3072K)
 Metaspace       used 48785K, capacity 49908K, committed 50044K, reserved 1091584K
  class space    used 6474K, capacity 6909K, committed 7036K, reserved 1048576K
}
Event: 8.065 GC heap before
{Heap before GC invocations=18 (full 0):
 garbage-first heap   total 65536K, used 48358K [0x0000000081800000, 0x0000000100000000)
  region size 1024K, 30 young (30720K), 3 survivors (3072K)
 Metaspace       used 52362K, capacity 53510K, committed 53628K, reserved 1095680K
  class space    used 7009K, capacity 7441K, committed 7548K, reserved 1048576K
}
Event: 8.073 GC heap after
{Heap after GC invocations=19 (full 0):
 garbage-first heap   total 65536K, used 21631K [0x0000000081800000, 0x0000000100000000)
  region size 1024K, 2 young (2048K), 2 survivors (2048K)
 Metaspace       used 52362K, capacity 53510K, committed 53628K, reserved 1095680K
  class space    used 7009K, capacity 7441K, committed 7548K, reserved 1048576K
}

