# JRE version: Java(TM) SE Runtime Environment (13.0+33) (build 13+33)
# Java VM: Java HotSpot(TM) 64-Bit Server VM (13+33, mixed mode, sharing, tiered, compressed oops, g1 gc, windows-amd64)
Heap:
 garbage-first heap   total 82944K, used 21586K [0x0000000081800000, 0x0000000100000000)
  region size 1024K, 2 young (2048K), 2 survivors (2048K)
 Metaspace       used 52400K, capacity 53582K, committed 53884K, reserved 1095680K
  class space    used 7002K, capacity 7442K, committed 7552K, reserved 1048576K
GC Heap History (20 events):
Event: 3.725 GC heap after
{Heap after GC invocations=8 (full 0):
 garbage-first heap   total 58368K, used 12920K [0x0000000081800000, 0x0000000100000000)
  region size 1024K, 3 young (3072K), 3 survivors (3072K)
 Metaspace       used 25608K, capacity 26453K, committed 26748K, reserved 1073152K
  class space    used 3298K, capacity 3615K, committed 3712K, reserved 1048576K
}
Event: 3.743 GC heap before
{Heap before GC invocations=8 (full 0):
 garbage-first heap   total 58368K, used 39544K [0x0000000081800000, 0x0000000100000000)
  region size 1024K, 30 young (30720K), 3 survivors (3072K)
 Metaspace       used 25633K, capacity 26453K, committed 26748K, reserved 1073152K
  class space    used 3302K, capacity 3615K, committed 3712K, reserved 1048576K
}
Event: 3.747 GC heap after
{Heap after GC invocations=9 (full 0):
 garbage-first heap   total 58368K, used 12908K [0x0000000081800000, 0x0000000100000000)
  region size 1024K, 2 young (2048K), 2 survivors (2048K)
 Metaspace       used 25633K, capacity 26453K, committed 26748K, reserved 1073152K
  class space    used 3302K, capacity 3615K, committed 3712K, reserved 1048576K
}
Event: 4.046 GC heap before
{Heap before GC invocations=9 (full 0):
 garbage-first heap   total 58368K, used 40556K [0x0000000081800000, 0x0000000100000000)
  region size 1024K, 30 young (30720K), 2 survivors (2048K)
 Metaspace       used 26841K, capacity 27697K, committed 27900K, reserved 1073152K
  class space    used 3424K, capacity 3769K, committed 3840K, reserved 1048576K
}
Event: 4.050 GC heap after
{Heap after GC invocations=10 (full 0):
 garbage-first heap   total 58368K, used 13547K [0x0000000081800000, 0x0000000100000000)
  region size 1024K, 3 young (3072K), 3 survivors (3072K)
 Metaspace       used 26841K, capacity 27697K, committed 27900K, reserved 1073152K
  class space    used 3424K, capacity 3769K, committed 3840K, reserved 1048576K
}
Event: 4.505 GC heap before
{Heap before GC invocations=10 (full 0):
 garbage-first heap   total 58368K, used 41195K [0x0000000081800000, 0x0000000100000000)
  region size 1024K, 31 young (31744K), 3 survivors (3072K)
 Metaspace       used 28488K, capacity 29420K, committed 29692K, reserved 1075200K
  class space    used 3640K, capacity 3996K, committed 4096K, reserved 1048576K
}
Event: 4.513 GC heap after
{Heap after GC invocations=11 (full 0):
 garbage-first heap   total 58368K, used 14297K [0x0000000081800000, 0x0000000100000000)
  region size 1024K, 3 young (3072K), 3 survivors (3072K)
 Metaspace       used 28488K, capacity 29420K, committed 29692K, reserved 1075200K
  class space    used 3640K, capacity 3996K, committed 4096K, reserved 1048576K
}
Event: 5.092 GC heap before
{Heap before GC invocations=11 (full 0):
 garbage-first heap   total 58368K, used 42969K [0x0000000081800000, 0x0000000100000000)
  region size 1024K, 31 young (31744K), 3 survivors (3072K)
 Metaspace       used 31520K, capacity 32538K, committed 32636K, reserved 1077248K
  class space    used 4046K, capacity 4429K, committed 4480K, reserved 1048576K
}
Event: 5.099 GC heap after
{Heap after GC invocations=12 (full 0):
 garbage-first heap   total 58368K, used 15252K [0x0000000081800000, 0x0000000100000000)
  region size 1024K, 3 young (3072K), 3 survivors (3072K)
 Metaspace       used 31520K, capacity 32538K, committed 32636K, reserved 1077248K
  class space    used 4046K, capacity 4429K, committed 4480K, reserved 1048576K
}
Event: 5.734 GC heap before
{Heap before GC invocations=12 (full 0):
 garbage-first heap   total 58368K, used 43924K [0x0000000081800000, 0x0000000100000000)
  region size 1024K, 31 young (31744K), 3 survivors (3072K)
 Metaspace       used 33612K, capacity 34666K, committed 34940K, reserved 1079296K
  class space    used 4295K, capacity 4709K, committed 4736K, reserved 1048576K
}
Event: 5.740 GC heap after
{Heap after GC invocations=13 (full 0):
 garbage-first heap   total 58368K, used 17253K [0x0000000081800000, 0x0000000100000000)
  region size 1024K, 4 young (4096K), 4 survivors (4096K)
 Metaspace       used 33612K, capacity 34666K, committed 34940K, reserved 1079296K
  class space    used 4295K, capacity 4709K, committed 4736K, reserved 1048576K
}
Event: 5.836 GC heap before
{Heap before GC invocations=13 (full 0):
 garbage-first heap   total 58368K, used 21349K [0x0000000081800000, 0x0000000100000000)
  region size 1024K, 9 young (9216K), 4 survivors (4096K)
 Metaspace       used 34770K, capacity 35820K, committed 35964K, reserved 1081344K
  class space    used 4478K, capacity 4902K, committed 4992K, reserved 1048576K
}
Event: 5.843 GC heap after
{Heap after GC invocations=14 (full 0):
 garbage-first heap   total 70656K, used 17394K [0x0000000081800000, 0x0000000100000000)
  region size 1024K, 2 young (2048K), 2 survivors (2048K)
 Metaspace       used 34770K, capacity 35820K, committed 35964K, reserved 1081344K
  class space    used 4478K, capacity 4902K, committed 4992K, reserved 1048576K
}
Event: 6.502 GC heap before
{Heap before GC invocations=15 (full 0):
 garbage-first heap   total 68608K, used 42994K [0x0000000081800000, 0x0000000100000000)
  region size 1024K, 28 young (28672K), 2 survivors (2048K)
 Metaspace       used 39523K, capacity 40592K, committed 40828K, reserved 1085440K
  class space    used 5267K, capacity 5660K, committed 5760K, reserved 1048576K
}
Event: 6.508 GC heap after
{Heap after GC invocations=16 (full 0):
 garbage-first heap   total 68608K, used 18190K [0x0000000081800000, 0x0000000100000000)
  region size 1024K, 3 young (3072K), 3 survivors (3072K)
 Metaspace       used 39523K, capacity 40592K, committed 40828K, reserved 1085440K
  class space    used 5267K, capacity 5660K, committed 5760K, reserved 1048576K
}
Event: 7.032 GC heap before
{Heap before GC invocations=16 (full 0):
 garbage-first heap   total 68608K, used 44814K [0x0000000081800000, 0x0000000100000000)
  region size 1024K, 29 young (29696K), 3 survivors (3072K)
 Metaspace       used 44742K, capacity 45828K, committed 46076K, reserved 1089536K
  class space    used 5858K, capacity 6274K, committed 6400K, reserved 1048576K
}
Event: 7.038 GC heap after
{Heap after GC invocations=17 (full 0):
 garbage-first heap   total 68608K, used 19828K [0x0000000081800000, 0x0000000100000000)
  region size 1024K, 3 young (3072K), 3 survivors (3072K)
 Metaspace       used 44742K, capacity 45828K, committed 46076K, reserved 1089536K
  class space    used 5858K, capacity 6274K, committed 6400K, reserved 1048576K
}
Event: 7.645 GC heap before
{Heap before GC invocations=17 (full 0):
 garbage-first heap   total 68608K, used 46452K [0x0000000081800000, 0x0000000100000000)
  region size 1024K, 29 young (29696K), 3 survivors (3072K)
 Metaspace       used 49224K, capacity 50397K, committed 50556K, reserved 1093632K
  class space    used 6548K, capacity 6981K, committed 7040K, reserved 1048576K
}
Event: 7.650 GC heap after
{Heap after GC invocations=18 (full 0):
 garbage-first heap   total 68608K, used 20604K [0x0000000081800000, 0x0000000100000000)
  region size 1024K, 3 young (3072K), 3 survivors (3072K)
 Metaspace       used 49224K, capacity 50397K, committed 50556K, reserved 1093632K
  class space    used 6548K, capacity 6981K, committed 7040K, reserved 1048576K
}
Event: 8.263 GC heap before
{Heap before GC invocations=18 (full 0):
 garbage-first heap   total 68608K, used 47228K [0x0000000081800000, 0x0000000100000000)
  region size 1024K, 29 young (29696K), 3 survivors (3072K)
 Metaspace       used 52400K, capacity 53582K, committed 53884K, reserved 1095680K
  class space    used 7002K, capacity 7442K, committed 7552K, reserved 1048576K
}

