# JRE version: Java(TM) SE Runtime Environment (13.0+33) (build 13+33)
# Java VM: Java HotSpot(TM) 64-Bit Server VM (13+33, mixed mode, sharing, tiered, compressed oops, g1 gc, windows-amd64)
Heap:
 garbage-first heap   total 78848K, used 26305K [0x0000000081800000, 0x0000000100000000)
  region size 1024K, 9 young (9216K), 3 survivors (3072K)
 Metaspace       used 52293K, capacity 53447K, committed 53532K, reserved 1095680K
  class space    used 7005K, capacity 7441K, committed 7472K, reserved 1048576K
GC Heap History (20 events):
Event: 3.680 GC heap before
{Heap before GC invocations=7 (full 0):
 garbage-first heap   total 54272K, used 38523K [0x0000000081800000, 0x0000000100000000)
  region size 1024K, 29 young (29696K), 2 survivors (2048K)
 Metaspace       used 25545K, capacity 26384K, committed 26416K, reserved 1073152K
  class space    used 3295K, capacity 3614K, committed 3632K, reserved 1048576K
}
Event: 3.684 GC heap after
{Heap after GC invocations=8 (full 0):
 garbage-first heap   total 54272K, used 12851K [0x0000000081800000, 0x0000000100000000)
  region size 1024K, 3 young (3072K), 3 survivors (3072K)
 Metaspace       used 25545K, capacity 26384K, committed 26416K, reserved 1073152K
  class space    used 3295K, capacity 3614K, committed 3632K, reserved 1048576K
}
Event: 3.703 GC heap before
{Heap before GC invocations=8 (full 0):
 garbage-first heap   total 54272K, used 38451K [0x0000000081800000, 0x0000000100000000)
  region size 1024K, 29 young (29696K), 3 survivors (3072K)
 Metaspace       used 25602K, capacity 26448K, committed 26672K, reserved 1073152K
  class space    used 3303K, capacity 3614K, committed 3632K, reserved 1048576K
}
Event: 3.707 GC heap after
{Heap after GC invocations=9 (full 0):
 garbage-first heap   total 54272K, used 12955K [0x0000000081800000, 0x0000000100000000)
  region size 1024K, 2 young (2048K), 2 survivors (2048K)
 Metaspace       used 25602K, capacity 26448K, committed 26672K, reserved 1073152K
  class space    used 3303K, capacity 3614K, committed 3632K, reserved 1048576K
}
Event: 3.966 GC heap before
{Heap before GC invocations=9 (full 0):
 garbage-first heap   total 54272K, used 39579K [0x0000000081800000, 0x0000000100000000)
  region size 1024K, 29 young (29696K), 2 survivors (2048K)
 Metaspace       used 26654K, capacity 27516K, committed 27568K, reserved 1073152K
  class space    used 3412K, capacity 3733K, committed 3760K, reserved 1048576K
}
Event: 3.971 GC heap after
{Heap after GC invocations=10 (full 0):
 garbage-first heap   total 54272K, used 13447K [0x0000000081800000, 0x0000000100000000)
  region size 1024K, 3 young (3072K), 3 survivors (3072K)
 Metaspace       used 26654K, capacity 27516K, committed 27568K, reserved 1073152K
  class space    used 3412K, capacity 3733K, committed 3760K, reserved 1048576K
}
Event: 4.363 GC heap before
{Heap before GC invocations=10 (full 0):
 garbage-first heap   total 54272K, used 40071K [0x0000000081800000, 0x0000000100000000)
  region size 1024K, 29 young (29696K), 3 survivors (3072K)
 Metaspace       used 27940K, capacity 28856K, committed 29104K, reserved 1075200K
  class space    used 3564K, capacity 3917K, committed 4016K, reserved 1048576K
}
Event: 4.367 GC heap after
{Heap after GC invocations=11 (full 0):
 garbage-first heap   total 54272K, used 14077K [0x0000000081800000, 0x0000000100000000)
  region size 1024K, 3 young (3072K), 3 survivors (3072K)
 Metaspace       used 27940K, capacity 28856K, committed 29104K, reserved 1075200K
  class space    used 3564K, capacity 3917K, committed 4016K, reserved 1048576K
}
Event: 4.926 GC heap before
{Heap before GC invocations=11 (full 0):
 garbage-first heap   total 54272K, used 40701K [0x0000000081800000, 0x0000000100000000)
  region size 1024K, 30 young (30720K), 3 survivors (3072K)
 Metaspace       used 30557K, capacity 31543K, committed 31792K, reserved 1077248K
  class space    used 3929K, capacity 4319K, committed 4400K, reserved 1048576K
}
Event: 4.932 GC heap after
{Heap after GC invocations=12 (full 0):
 garbage-first heap   total 65536K, used 15191K [0x0000000081800000, 0x0000000100000000)
  region size 1024K, 3 young (3072K), 3 survivors (3072K)
 Metaspace       used 30557K, capacity 31543K, committed 31792K, reserved 1077248K
  class space    used 3929K, capacity 4319K, committed 4400K, reserved 1048576K
}
Event: 5.609 GC heap before
{Heap before GC invocations=12 (full 0):
 garbage-first heap   total 65536K, used 46935K [0x0000000081800000, 0x0000000100000000)
  region size 1024K, 34 young (34816K), 3 survivors (3072K)
 Metaspace       used 33384K, capacity 34465K, committed 34736K, reserved 1079296K
  class space    used 4282K, capacity 4707K, committed 4784K, reserved 1048576K
}
Event: 5.615 GC heap after
{Heap after GC invocations=13 (full 0):
 garbage-first heap   total 65536K, used 17032K [0x0000000081800000, 0x0000000100000000)
  region size 1024K, 5 young (5120K), 5 survivors (5120K)
 Metaspace       used 33384K, capacity 34465K, committed 34736K, reserved 1079296K
  class space    used 4282K, capacity 4707K, committed 4784K, reserved 1048576K
}
Event: 5.761 GC heap before
{Heap before GC invocations=13 (full 0):
 garbage-first heap   total 65536K, used 23176K [0x0000000081800000, 0x0000000100000000)
  region size 1024K, 12 young (12288K), 5 survivors (5120K)
 Metaspace       used 34689K, capacity 35782K, committed 35888K, reserved 1081344K
  class space    used 4461K, capacity 4869K, committed 4912K, reserved 1048576K
}
Event: 5.768 GC heap after
{Heap after GC invocations=14 (full 0):
 garbage-first heap   total 65536K, used 17439K [0x0000000081800000, 0x0000000100000000)
  region size 1024K, 3 young (3072K), 3 survivors (3072K)
 Metaspace       used 34689K, capacity 35782K, committed 35888K, reserved 1081344K
  class space    used 4461K, capacity 4869K, committed 4912K, reserved 1048576K
}
Event: 6.359 GC heap before
{Heap before GC invocations=15 (full 0):
 garbage-first heap   total 65536K, used 48159K [0x0000000081800000, 0x0000000100000000)
  region size 1024K, 33 young (33792K), 3 survivors (3072K)
 Metaspace       used 40170K, capacity 41195K, committed 41372K, reserved 1085440K
  class space    used 5334K, capacity 5755K, committed 5808K, reserved 1048576K
}
Event: 6.365 GC heap after
{Heap after GC invocations=16 (full 0):
 garbage-first heap   total 65536K, used 18333K [0x0000000081800000, 0x0000000100000000)
  region size 1024K, 4 young (4096K), 4 survivors (4096K)
 Metaspace       used 40170K, capacity 41195K, committed 41372K, reserved 1085440K
  class space    used 5334K, capacity 5755K, committed 5808K, reserved 1048576K
}
Event: 7.037 GC heap before
{Heap before GC invocations=16 (full 0):
 garbage-first heap   total 65536K, used 49053K [0x0000000081800000, 0x0000000100000000)
  region size 1024K, 34 young (34816K), 4 survivors (4096K)
 Metaspace       used 46065K, capacity 47119K, committed 47260K, reserved 1089536K
  class space    used 6046K, capacity 6471K, committed 6576K, reserved 1048576K
}
Event: 7.044 GC heap after
{Heap after GC invocations=17 (full 0):
 garbage-first heap   total 78848K, used 19924K [0x0000000081800000, 0x0000000100000000)
  region size 1024K, 3 young (3072K), 3 survivors (3072K)
 Metaspace       used 46065K, capacity 47119K, committed 47260K, reserved 1089536K
  class space    used 6046K, capacity 6471K, committed 6576K, reserved 1048576K
}
Event: 8.048 GC heap before
{Heap before GC invocations=17 (full 0):
 garbage-first heap   total 78848K, used 57812K [0x0000000081800000, 0x0000000100000000)
  region size 1024K, 40 young (40960K), 3 survivors (3072K)
 Metaspace       used 52186K, capacity 53301K, committed 53532K, reserved 1095680K
  class space    used 6994K, capacity 7436K, committed 7472K, reserved 1048576K
}
Event: 8.054 GC heap after
{Heap after GC invocations=18 (full 0):
 garbage-first heap   total 78848K, used 21185K [0x0000000081800000, 0x0000000100000000)
  region size 1024K, 3 young (3072K), 3 survivors (3072K)
 Metaspace       used 52186K, capacity 53301K, committed 53532K, reserved 1095680K
  class space    used 6994K, capacity 7436K, committed 7472K, reserved 1048576K
}

